This file contains any messages produced by compilers while
running configure, to aid debugging if configure makes a mistake.

It was created by dansguardian configure 2.10.1.1, which was
generated by GNU Autoconf 2.69.  Invocation command line was

  $ ./configure --enable-pcre=no --enable-clamav=no --with-sysconfsubdir=dansguardian --prefix=

## --------- ##
## Platform. ##
## --------- ##

hostname = cosmos
uname -m = x86_64
uname -r = 4.0.4-2-ARCH
uname -s = Linux
uname -v = #1 SMP PREEMPT Fri May 22 03:05:23 UTC 2015

/usr/bin/uname -p = unknown
/bin/uname -X     = unknown

/bin/arch              = unknown
/usr/bin/arch -k       = unknown
/usr/convex/getsysinfo = unknown
/usr/bin/hostinfo      = unknown
/bin/machine           = unknown
/usr/bin/oslevel       = unknown
/bin/universe          = unknown

PATH: /home/optedoblivion/.bin
PATH: /opt/android-sdk
PATH: /home/optedoblivion/.bin
PATH: /opt/android-sdk
PATH: /usr/local/sbin
PATH: /usr/local/bin
PATH: /usr/bin
PATH: /opt/android-ndk
PATH: /opt/android-sdk/platform-tools
PATH: /opt/android-sdk/tools
PATH: /usr/lib/jvm/default/bin
PATH: /usr/bin/site_perl
PATH: /usr/bin/vendor_perl
PATH: /usr/bin/core_perl


## ----------- ##
## Core tests. ##
## ----------- ##

configure:2447: checking for a BSD-compatible install
configure:2515: result: /usr/bin/install -c
configure:2526: checking whether build environment is sane
configure:2563: result: yes
configure:2588: checking for a thread-safe mkdir -p
configure:2627: result: /usr/bin/mkdir -p
configure:2640: checking for gawk
configure:2656: found /usr/bin/gawk
configure:2667: result: gawk
configure:2678: checking whether make sets $(MAKE)
configure:2700: result: yes
configure:2962: checking for g++
configure:2978: found /usr/bin/g++
configure:2989: result: g++
configure:3016: checking for C++ compiler version
configure:3025: g++ --version >&5
g++ (GCC) 5.1.0
Copyright (C) 2015 Free Software Foundation, Inc.
This is free software; see the source for copying conditions.  There is NO
warranty; not even for MERCHANTABILITY or FITNESS FOR A PARTICULAR PURPOSE.

configure:3036: $? = 0
configure:3025: g++ -v >&5
Using built-in specs.
COLLECT_GCC=g++
COLLECT_LTO_WRAPPER=/usr/lib/gcc/x86_64-unknown-linux-gnu/5.1.0/lto-wrapper
Target: x86_64-unknown-linux-gnu
Configured with: /build/gcc-multilib/src/gcc-5-20150519/configure --prefix=/usr --libdir=/usr/lib --libexecdir=/usr/lib --mandir=/usr/share/man --infodir=/usr/share/info --with-bugurl=https://bugs.archlinux.org/ --enable-languages=c,c++,ada,fortran,go,lto,objc,obj-c++ --enable-shared --enable-threads=posix --enable-libmpx --with-system-zlib --with-isl --enable-__cxa_atexit --disable-libunwind-exceptions --enable-clocale=gnu --disable-libstdcxx-pch --disable-libssp --enable-gnu-unique-object --enable-linker-build-id --enable-lto --enable-plugin --enable-install-libiberty --with-linker-hash-style=gnu --enable-gnu-indirect-function --enable-multilib --disable-werror --enable-checking=release --with-default-libstdcxx-abi=c++98
Thread model: posix
gcc version 5.1.0 (GCC) 
configure:3036: $? = 0
configure:3025: g++ -V >&5
g++: error: unrecognized command line option '-V'
g++: fatal error: no input files
compilation terminated.
configure:3036: $? = 1
configure:3025: g++ -qversion >&5
g++: error: unrecognized command line option '-qversion'
g++: fatal error: no input files
compilation terminated.
configure:3036: $? = 1
configure:3056: checking whether the C++ compiler works
configure:3078: g++    conftest.cpp  >&5
configure:3082: $? = 0
configure:3130: result: yes
configure:3133: checking for C++ compiler default output file name
configure:3135: result: a.out
configure:3141: checking for suffix of executables
configure:3148: g++ -o conftest    conftest.cpp  >&5
configure:3152: $? = 0
configure:3174: result: 
configure:3196: checking whether we are cross compiling
configure:3204: g++ -o conftest    conftest.cpp  >&5
configure:3208: $? = 0
configure:3215: ./conftest
configure:3219: $? = 0
configure:3234: result: no
configure:3239: checking for suffix of object files
configure:3261: g++ -c   conftest.cpp >&5
configure:3265: $? = 0
configure:3286: result: o
configure:3290: checking whether we are using the GNU C++ compiler
configure:3309: g++ -c   conftest.cpp >&5
configure:3309: $? = 0
configure:3318: result: yes
configure:3327: checking whether g++ accepts -g
configure:3347: g++ -c -g  conftest.cpp >&5
configure:3347: $? = 0
configure:3388: result: yes
configure:3422: checking for style of include used by make
configure:3450: result: GNU
configure:3475: checking dependency style of g++
configure:3566: result: gcc3
configure:3629: checking for gcc
configure:3645: found /usr/bin/gcc
configure:3656: result: gcc
configure:3885: checking for C compiler version
configure:3894: gcc --version >&5
gcc (GCC) 5.1.0
Copyright (C) 2015 Free Software Foundation, Inc.
This is free software; see the source for copying conditions.  There is NO
warranty; not even for MERCHANTABILITY or FITNESS FOR A PARTICULAR PURPOSE.

configure:3905: $? = 0
configure:3894: gcc -v >&5
Using built-in specs.
COLLECT_GCC=gcc
COLLECT_LTO_WRAPPER=/usr/lib/gcc/x86_64-unknown-linux-gnu/5.1.0/lto-wrapper
Target: x86_64-unknown-linux-gnu
Configured with: /build/gcc-multilib/src/gcc-5-20150519/configure --prefix=/usr --libdir=/usr/lib --libexecdir=/usr/lib --mandir=/usr/share/man --infodir=/usr/share/info --with-bugurl=https://bugs.archlinux.org/ --enable-languages=c,c++,ada,fortran,go,lto,objc,obj-c++ --enable-shared --enable-threads=posix --enable-libmpx --with-system-zlib --with-isl --enable-__cxa_atexit --disable-libunwind-exceptions --enable-clocale=gnu --disable-libstdcxx-pch --disable-libssp --enable-gnu-unique-object --enable-linker-build-id --enable-lto --enable-plugin --enable-install-libiberty --with-linker-hash-style=gnu --enable-gnu-indirect-function --enable-multilib --disable-werror --enable-checking=release --with-default-libstdcxx-abi=c++98
Thread model: posix
gcc version 5.1.0 (GCC) 
configure:3905: $? = 0
configure:3894: gcc -V >&5
gcc: error: unrecognized command line option '-V'
gcc: fatal error: no input files
compilation terminated.
configure:3905: $? = 1
configure:3894: gcc -qversion >&5
gcc: error: unrecognized command line option '-qversion'
gcc: fatal error: no input files
compilation terminated.
configure:3905: $? = 1
configure:3909: checking whether we are using the GNU C compiler
configure:3928: gcc -c   conftest.c >&5
configure:3928: $? = 0
configure:3937: result: yes
configure:3946: checking whether gcc accepts -g
configure:3966: gcc -c -g  conftest.c >&5
configure:3966: $? = 0
configure:4007: result: yes
configure:4024: checking for gcc option to accept ISO C89
configure:4087: gcc  -c -g -O2  conftest.c >&5
configure:4087: $? = 0
configure:4100: result: none needed
configure:4122: checking dependency style of gcc
configure:4213: result: gcc3
configure:4233: checking how to run the C preprocessor
configure:4264: gcc -E  conftest.c
configure:4264: $? = 0
configure:4278: gcc -E  conftest.c
conftest.c:11:28: fatal error: ac_nonexistent.h: No such file or directory
compilation terminated.
configure:4278: $? = 1
configure: failed program was:
| /* confdefs.h */
| #define PACKAGE_NAME "dansguardian"
| #define PACKAGE_TARNAME "dansguardian"
| #define PACKAGE_VERSION "2.10.1.1"
| #define PACKAGE_STRING "dansguardian 2.10.1.1"
| #define PACKAGE_BUGREPORT ""
| #define PACKAGE_URL ""
| #define PACKAGE "dansguardian"
| #define VERSION "2.10.1.1"
| /* end confdefs.h.  */
| #include <ac_nonexistent.h>
configure:4303: result: gcc -E
configure:4323: gcc -E  conftest.c
configure:4323: $? = 0
configure:4337: gcc -E  conftest.c
conftest.c:11:28: fatal error: ac_nonexistent.h: No such file or directory
compilation terminated.
configure:4337: $? = 1
configure: failed program was:
| /* confdefs.h */
| #define PACKAGE_NAME "dansguardian"
| #define PACKAGE_TARNAME "dansguardian"
| #define PACKAGE_VERSION "2.10.1.1"
| #define PACKAGE_STRING "dansguardian 2.10.1.1"
| #define PACKAGE_BUGREPORT ""
| #define PACKAGE_URL ""
| #define PACKAGE "dansguardian"
| #define VERSION "2.10.1.1"
| /* end confdefs.h.  */
| #include <ac_nonexistent.h>
configure:4366: checking whether ln -s works
configure:4370: result: yes
configure:4377: checking whether make sets $(MAKE)
configure:4399: result: yes
configure:4509: checking how to run the C++ preprocessor
configure:4536: g++ -E  conftest.cpp
configure:4536: $? = 0
configure:4550: g++ -E  conftest.cpp
conftest.cpp:11:28: fatal error: ac_nonexistent.h: No such file or directory
compilation terminated.
configure:4550: $? = 1
configure: failed program was:
| /* confdefs.h */
| #define PACKAGE_NAME "dansguardian"
| #define PACKAGE_TARNAME "dansguardian"
| #define PACKAGE_VERSION "2.10.1.1"
| #define PACKAGE_STRING "dansguardian 2.10.1.1"
| #define PACKAGE_BUGREPORT ""
| #define PACKAGE_URL ""
| #define PACKAGE "dansguardian"
| #define VERSION "2.10.1.1"
| /* end confdefs.h.  */
| #include <ac_nonexistent.h>
configure:4575: result: g++ -E
configure:4595: g++ -E  conftest.cpp
configure:4595: $? = 0
configure:4609: g++ -E  conftest.cpp
conftest.cpp:11:28: fatal error: ac_nonexistent.h: No such file or directory
compilation terminated.
configure:4609: $? = 1
configure: failed program was:
| /* confdefs.h */
| #define PACKAGE_NAME "dansguardian"
| #define PACKAGE_TARNAME "dansguardian"
| #define PACKAGE_VERSION "2.10.1.1"
| #define PACKAGE_STRING "dansguardian 2.10.1.1"
| #define PACKAGE_BUGREPORT ""
| #define PACKAGE_URL ""
| #define PACKAGE "dansguardian"
| #define VERSION "2.10.1.1"
| /* end confdefs.h.  */
| #include <ac_nonexistent.h>
configure:4638: checking for grep that handles long lines and -e
configure:4696: result: /usr/bin/grep
configure:4701: checking for egrep
configure:4763: result: /usr/bin/grep -E
configure:4768: checking for ANSI C header files
configure:4788: g++ -c -g -O2  conftest.cpp >&5
configure:4788: $? = 0
configure:4861: g++ -o conftest -g -O2   conftest.cpp  >&5
configure:4861: $? = 0
configure:4861: ./conftest
configure:4861: $? = 0
configure:4872: result: yes
configure:4885: checking for sys/types.h
configure:4885: g++ -c -g -O2  conftest.cpp >&5
configure:4885: $? = 0
configure:4885: result: yes
configure:4885: checking for sys/stat.h
configure:4885: g++ -c -g -O2  conftest.cpp >&5
configure:4885: $? = 0
configure:4885: result: yes
configure:4885: checking for stdlib.h
configure:4885: g++ -c -g -O2  conftest.cpp >&5
configure:4885: $? = 0
configure:4885: result: yes
configure:4885: checking for string.h
configure:4885: g++ -c -g -O2  conftest.cpp >&5
configure:4885: $? = 0
configure:4885: result: yes
configure:4885: checking for memory.h
configure:4885: g++ -c -g -O2  conftest.cpp >&5
configure:4885: $? = 0
configure:4885: result: yes
configure:4885: checking for strings.h
configure:4885: g++ -c -g -O2  conftest.cpp >&5
configure:4885: $? = 0
configure:4885: result: yes
configure:4885: checking for inttypes.h
configure:4885: g++ -c -g -O2  conftest.cpp >&5
configure:4885: $? = 0
configure:4885: result: yes
configure:4885: checking for stdint.h
configure:4885: g++ -c -g -O2  conftest.cpp >&5
configure:4885: $? = 0
configure:4885: result: yes
configure:4885: checking for unistd.h
configure:4885: g++ -c -g -O2  conftest.cpp >&5
configure:4885: $? = 0
configure:4885: result: yes
configure:4900: checking arpa/inet.h usability
configure:4900: g++ -c -g -O2  conftest.cpp >&5
configure:4900: $? = 0
configure:4900: result: yes
configure:4900: checking arpa/inet.h presence
configure:4900: g++ -E  conftest.cpp
configure:4900: $? = 0
configure:4900: result: yes
configure:4900: checking for arpa/inet.h
configure:4900: result: yes
configure:4900: checking fcntl.h usability
configure:4900: g++ -c -g -O2  conftest.cpp >&5
configure:4900: $? = 0
configure:4900: result: yes
configure:4900: checking fcntl.h presence
configure:4900: g++ -E  conftest.cpp
configure:4900: $? = 0
configure:4900: result: yes
configure:4900: checking for fcntl.h
configure:4900: result: yes
configure:4900: checking limits.h usability
configure:4900: g++ -c -g -O2  conftest.cpp >&5
configure:4900: $? = 0
configure:4900: result: yes
configure:4900: checking limits.h presence
configure:4900: g++ -E  conftest.cpp
configure:4900: $? = 0
configure:4900: result: yes
configure:4900: checking for limits.h
configure:4900: result: yes
configure:4900: checking netdb.h usability
configure:4900: g++ -c -g -O2  conftest.cpp >&5
configure:4900: $? = 0
configure:4900: result: yes
configure:4900: checking netdb.h presence
configure:4900: g++ -E  conftest.cpp
configure:4900: $? = 0
configure:4900: result: yes
configure:4900: checking for netdb.h
configure:4900: result: yes
configure:4900: checking netinet/in.h usability
configure:4900: g++ -c -g -O2  conftest.cpp >&5
configure:4900: $? = 0
configure:4900: result: yes
configure:4900: checking netinet/in.h presence
configure:4900: g++ -E  conftest.cpp
configure:4900: $? = 0
configure:4900: result: yes
configure:4900: checking for netinet/in.h
configure:4900: result: yes
configure:4900: checking for stdlib.h
configure:4900: result: yes
configure:4913: checking for string.h
configure:4913: result: yes
configure:4913: checking sys/socket.h usability
configure:4913: g++ -c -g -O2  conftest.cpp >&5
configure:4913: $? = 0
configure:4913: result: yes
configure:4913: checking sys/socket.h presence
configure:4913: g++ -E  conftest.cpp
configure:4913: $? = 0
configure:4913: result: yes
configure:4913: checking for sys/socket.h
configure:4913: result: yes
configure:4913: checking sys/time.h usability
configure:4913: g++ -c -g -O2  conftest.cpp >&5
configure:4913: $? = 0
configure:4913: result: yes
configure:4913: checking sys/time.h presence
configure:4913: g++ -E  conftest.cpp
configure:4913: $? = 0
configure:4913: result: yes
configure:4913: checking for sys/time.h
configure:4913: result: yes
configure:4913: checking syslog.h usability
configure:4913: g++ -c -g -O2  conftest.cpp >&5
configure:4913: $? = 0
configure:4913: result: yes
configure:4913: checking syslog.h presence
configure:4913: g++ -E  conftest.cpp
configure:4913: $? = 0
configure:4913: result: yes
configure:4913: checking for syslog.h
configure:4913: result: yes
configure:4913: checking for unistd.h
configure:4913: result: yes
configure:4913: checking locale.h usability
configure:4913: g++ -c -g -O2  conftest.cpp >&5
configure:4913: $? = 0
configure:4913: result: yes
configure:4913: checking locale.h presence
configure:4913: g++ -E  conftest.cpp
configure:4913: $? = 0
configure:4913: result: yes
configure:4913: checking for locale.h
configure:4913: result: yes
configure:4926: checking for sys/types.h
configure:4926: result: yes
configure:4926: checking sys/un.h usability
configure:4926: g++ -c -g -O2  conftest.cpp >&5
configure:4926: $? = 0
configure:4926: result: yes
configure:4926: checking sys/un.h presence
configure:4926: g++ -E  conftest.cpp
configure:4926: $? = 0
configure:4926: result: yes
configure:4926: checking for sys/un.h
configure:4926: result: yes
configure:4926: checking sys/poll.h usability
configure:4926: g++ -c -g -O2  conftest.cpp >&5
configure:4926: $? = 0
configure:4926: result: yes
configure:4926: checking sys/poll.h presence
configure:4926: g++ -E  conftest.cpp
configure:4926: $? = 0
configure:4926: result: yes
configure:4926: checking for sys/poll.h
configure:4926: result: yes
configure:4926: checking sys/resource.h usability
configure:4926: g++ -c -g -O2  conftest.cpp >&5
configure:4926: $? = 0
configure:4926: result: yes
configure:4926: checking sys/resource.h presence
configure:4926: g++ -E  conftest.cpp
configure:4926: $? = 0
configure:4926: result: yes
configure:4926: checking for sys/resource.h
configure:4926: result: yes
configure:4939: checking pwd.h usability
configure:4939: g++ -c -g -O2  conftest.cpp >&5
configure:4939: $? = 0
configure:4939: result: yes
configure:4939: checking pwd.h presence
configure:4939: g++ -E  conftest.cpp
configure:4939: $? = 0
configure:4939: result: yes
configure:4939: checking for pwd.h
configure:4939: result: yes
configure:4939: checking grp.h usability
configure:4939: g++ -c -g -O2  conftest.cpp >&5
configure:4939: $? = 0
configure:4939: result: yes
configure:4939: checking grp.h presence
configure:4939: g++ -E  conftest.cpp
configure:4939: $? = 0
configure:4939: result: yes
configure:4939: checking for grp.h
configure:4939: result: yes
configure:4951: checking byteswap.h usability
configure:4951: g++ -c -g -O2  conftest.cpp >&5
configure:4951: $? = 0
configure:4951: result: yes
configure:4951: checking byteswap.h presence
configure:4951: g++ -E  conftest.cpp
configure:4951: $? = 0
configure:4951: result: yes
configure:4951: checking for byteswap.h
configure:4951: result: yes
configure:4963: checking whether byte ordering is bigendian
configure:4978: g++ -c -g -O2  conftest.cpp >&5
conftest.cpp:41:9: error: expected unqualified-id before 'not' token
         not a universal capable compiler
         ^
configure:4978: $? = 1
configure: failed program was:
| /* confdefs.h */
| #define PACKAGE_NAME "dansguardian"
| #define PACKAGE_TARNAME "dansguardian"
| #define PACKAGE_VERSION "2.10.1.1"
| #define PACKAGE_STRING "dansguardian 2.10.1.1"
| #define PACKAGE_BUGREPORT ""
| #define PACKAGE_URL ""
| #define PACKAGE "dansguardian"
| #define VERSION "2.10.1.1"
| #define STDC_HEADERS 1
| #define HAVE_SYS_TYPES_H 1
| #define HAVE_SYS_STAT_H 1
| #define HAVE_STDLIB_H 1
| #define HAVE_STRING_H 1
| #define HAVE_MEMORY_H 1
| #define HAVE_STRINGS_H 1
| #define HAVE_INTTYPES_H 1
| #define HAVE_STDINT_H 1
| #define HAVE_UNISTD_H 1
| #define HAVE_ARPA_INET_H 1
| #define HAVE_FCNTL_H 1
| #define HAVE_LIMITS_H 1
| #define HAVE_NETDB_H 1
| #define HAVE_NETINET_IN_H 1
| #define HAVE_STDLIB_H 1
| #define HAVE_STRING_H 1
| #define HAVE_SYS_SOCKET_H 1
| #define HAVE_SYS_TIME_H 1
| #define HAVE_SYSLOG_H 1
| #define HAVE_UNISTD_H 1
| #define HAVE_LOCALE_H 1
| #define HAVE_SYS_TYPES_H 1
| #define HAVE_SYS_UN_H 1
| #define HAVE_SYS_POLL_H 1
| #define HAVE_SYS_RESOURCE_H 1
| #define HAVE_PWD_H 1
| #define HAVE_GRP_H 1
| #define HAVE_BYTESWAP_H 1
| /* end confdefs.h.  */
| #ifndef __APPLE_CC__
| 	       not a universal capable compiler
| 	     #endif
| 	     typedef int dummy;
| 
configure:5023: g++ -c -g -O2  conftest.cpp >&5
configure:5023: $? = 0
configure:5041: g++ -c -g -O2  conftest.cpp >&5
conftest.cpp: In function 'int main()':
conftest.cpp:47:8: error: 'big' was not declared in this scope
    not big endian
        ^
configure:5041: $? = 1
configure: failed program was:
| /* confdefs.h */
| #define PACKAGE_NAME "dansguardian"
| #define PACKAGE_TARNAME "dansguardian"
| #define PACKAGE_VERSION "2.10.1.1"
| #define PACKAGE_STRING "dansguardian 2.10.1.1"
| #define PACKAGE_BUGREPORT ""
| #define PACKAGE_URL ""
| #define PACKAGE "dansguardian"
| #define VERSION "2.10.1.1"
| #define STDC_HEADERS 1
| #define HAVE_SYS_TYPES_H 1
| #define HAVE_SYS_STAT_H 1
| #define HAVE_STDLIB_H 1
| #define HAVE_STRING_H 1
| #define HAVE_MEMORY_H 1
| #define HAVE_STRINGS_H 1
| #define HAVE_INTTYPES_H 1
| #define HAVE_STDINT_H 1
| #define HAVE_UNISTD_H 1
| #define HAVE_ARPA_INET_H 1
| #define HAVE_FCNTL_H 1
| #define HAVE_LIMITS_H 1
| #define HAVE_NETDB_H 1
| #define HAVE_NETINET_IN_H 1
| #define HAVE_STDLIB_H 1
| #define HAVE_STRING_H 1
| #define HAVE_SYS_SOCKET_H 1
| #define HAVE_SYS_TIME_H 1
| #define HAVE_SYSLOG_H 1
| #define HAVE_UNISTD_H 1
| #define HAVE_LOCALE_H 1
| #define HAVE_SYS_TYPES_H 1
| #define HAVE_SYS_UN_H 1
| #define HAVE_SYS_POLL_H 1
| #define HAVE_SYS_RESOURCE_H 1
| #define HAVE_PWD_H 1
| #define HAVE_GRP_H 1
| #define HAVE_BYTESWAP_H 1
| /* end confdefs.h.  */
| #include <sys/types.h>
| 		#include <sys/param.h>
| 
| int
| main ()
| {
| #if BYTE_ORDER != BIG_ENDIAN
| 		 not big endian
| 		#endif
| 
|   ;
|   return 0;
| }
configure:5169: result: no
configure:5189: checking if zlib should be statically linked
configure:5206: result: no
configure:5212: checking for zlib
configure:5237: checking zlib.h usability
configure:5237: g++ -c -g -O2  conftest.cpp >&5
configure:5237: $? = 0
configure:5237: result: yes
configure:5237: checking zlib.h presence
configure:5237: g++ -E  conftest.cpp
configure:5237: $? = 0
configure:5237: result: yes
configure:5237: checking for zlib.h
configure:5237: result: yes
configure:5248: checking for gzdopen in -lz
configure:5273: g++ -o conftest -g -O2   conftest.cpp -lz  -lz  >&5
configure:5273: $? = 0
configure:5282: result: yes
configure:5285: result: yes
configure:5380: checking for pid_t
configure:5380: g++ -c -g -O2  conftest.cpp >&5
configure:5380: $? = 0
configure:5380: g++ -c -g -O2  conftest.cpp >&5
conftest.cpp: In function 'int main()':
conftest.cpp:77:19: error: expected primary-expression before ')' token
 if (sizeof ((pid_t)))
                   ^
configure:5380: $? = 1
configure: failed program was:
| /* confdefs.h */
| #define PACKAGE_NAME "dansguardian"
| #define PACKAGE_TARNAME "dansguardian"
| #define PACKAGE_VERSION "2.10.1.1"
| #define PACKAGE_STRING "dansguardian 2.10.1.1"
| #define PACKAGE_BUGREPORT ""
| #define PACKAGE_URL ""
| #define PACKAGE "dansguardian"
| #define VERSION "2.10.1.1"
| #define STDC_HEADERS 1
| #define HAVE_SYS_TYPES_H 1
| #define HAVE_SYS_STAT_H 1
| #define HAVE_STDLIB_H 1
| #define HAVE_STRING_H 1
| #define HAVE_MEMORY_H 1
| #define HAVE_STRINGS_H 1
| #define HAVE_INTTYPES_H 1
| #define HAVE_STDINT_H 1
| #define HAVE_UNISTD_H 1
| #define HAVE_ARPA_INET_H 1
| #define HAVE_FCNTL_H 1
| #define HAVE_LIMITS_H 1
| #define HAVE_NETDB_H 1
| #define HAVE_NETINET_IN_H 1
| #define HAVE_STDLIB_H 1
| #define HAVE_STRING_H 1
| #define HAVE_SYS_SOCKET_H 1
| #define HAVE_SYS_TIME_H 1
| #define HAVE_SYSLOG_H 1
| #define HAVE_UNISTD_H 1
| #define HAVE_LOCALE_H 1
| #define HAVE_SYS_TYPES_H 1
| #define HAVE_SYS_UN_H 1
| #define HAVE_SYS_POLL_H 1
| #define HAVE_SYS_RESOURCE_H 1
| #define HAVE_PWD_H 1
| #define HAVE_GRP_H 1
| #define HAVE_BYTESWAP_H 1
| #define HAVE_ZLIB_H 1
| /* end confdefs.h.  */
| #include <stdio.h>
| #ifdef HAVE_SYS_TYPES_H
| # include <sys/types.h>
| #endif
| #ifdef HAVE_SYS_STAT_H
| # include <sys/stat.h>
| #endif
| #ifdef STDC_HEADERS
| # include <stdlib.h>
| # include <stddef.h>
| #else
| # ifdef HAVE_STDLIB_H
| #  include <stdlib.h>
| # endif
| #endif
| #ifdef HAVE_STRING_H
| # if !defined STDC_HEADERS && defined HAVE_MEMORY_H
| #  include <memory.h>
| # endif
| # include <string.h>
| #endif
| #ifdef HAVE_STRINGS_H
| # include <strings.h>
| #endif
| #ifdef HAVE_INTTYPES_H
| # include <inttypes.h>
| #endif
| #ifdef HAVE_STDINT_H
| # include <stdint.h>
| #endif
| #ifdef HAVE_UNISTD_H
| # include <unistd.h>
| #endif
| int
| main ()
| {
| if (sizeof ((pid_t)))
| 	    return 0;
|   ;
|   return 0;
| }
configure:5380: result: yes
configure:5391: checking for size_t
configure:5391: g++ -c -g -O2  conftest.cpp >&5
configure:5391: $? = 0
configure:5391: g++ -c -g -O2  conftest.cpp >&5
conftest.cpp: In function 'int main()':
conftest.cpp:77:20: error: expected primary-expression before ')' token
 if (sizeof ((size_t)))
                    ^
configure:5391: $? = 1
configure: failed program was:
| /* confdefs.h */
| #define PACKAGE_NAME "dansguardian"
| #define PACKAGE_TARNAME "dansguardian"
| #define PACKAGE_VERSION "2.10.1.1"
| #define PACKAGE_STRING "dansguardian 2.10.1.1"
| #define PACKAGE_BUGREPORT ""
| #define PACKAGE_URL ""
| #define PACKAGE "dansguardian"
| #define VERSION "2.10.1.1"
| #define STDC_HEADERS 1
| #define HAVE_SYS_TYPES_H 1
| #define HAVE_SYS_STAT_H 1
| #define HAVE_STDLIB_H 1
| #define HAVE_STRING_H 1
| #define HAVE_MEMORY_H 1
| #define HAVE_STRINGS_H 1
| #define HAVE_INTTYPES_H 1
| #define HAVE_STDINT_H 1
| #define HAVE_UNISTD_H 1
| #define HAVE_ARPA_INET_H 1
| #define HAVE_FCNTL_H 1
| #define HAVE_LIMITS_H 1
| #define HAVE_NETDB_H 1
| #define HAVE_NETINET_IN_H 1
| #define HAVE_STDLIB_H 1
| #define HAVE_STRING_H 1
| #define HAVE_SYS_SOCKET_H 1
| #define HAVE_SYS_TIME_H 1
| #define HAVE_SYSLOG_H 1
| #define HAVE_UNISTD_H 1
| #define HAVE_LOCALE_H 1
| #define HAVE_SYS_TYPES_H 1
| #define HAVE_SYS_UN_H 1
| #define HAVE_SYS_POLL_H 1
| #define HAVE_SYS_RESOURCE_H 1
| #define HAVE_PWD_H 1
| #define HAVE_GRP_H 1
| #define HAVE_BYTESWAP_H 1
| #define HAVE_ZLIB_H 1
| /* end confdefs.h.  */
| #include <stdio.h>
| #ifdef HAVE_SYS_TYPES_H
| # include <sys/types.h>
| #endif
| #ifdef HAVE_SYS_STAT_H
| # include <sys/stat.h>
| #endif
| #ifdef STDC_HEADERS
| # include <stdlib.h>
| # include <stddef.h>
| #else
| # ifdef HAVE_STDLIB_H
| #  include <stdlib.h>
| # endif
| #endif
| #ifdef HAVE_STRING_H
| # if !defined STDC_HEADERS && defined HAVE_MEMORY_H
| #  include <memory.h>
| # endif
| # include <string.h>
| #endif
| #ifdef HAVE_STRINGS_H
| # include <strings.h>
| #endif
| #ifdef HAVE_INTTYPES_H
| # include <inttypes.h>
| #endif
| #ifdef HAVE_STDINT_H
| # include <stdint.h>
| #endif
| #ifdef HAVE_UNISTD_H
| # include <unistd.h>
| #endif
| int
| main ()
| {
| if (sizeof ((size_t)))
| 	    return 0;
|   ;
|   return 0;
| }
configure:5391: result: yes
configure:5402: checking for off_t
configure:5402: g++ -c -g -O2  conftest.cpp >&5
configure:5402: $? = 0
configure:5402: g++ -c -g -O2  conftest.cpp >&5
conftest.cpp: In function 'int main()':
conftest.cpp:77:19: error: expected primary-expression before ')' token
 if (sizeof ((off_t)))
                   ^
configure:5402: $? = 1
configure: failed program was:
| /* confdefs.h */
| #define PACKAGE_NAME "dansguardian"
| #define PACKAGE_TARNAME "dansguardian"
| #define PACKAGE_VERSION "2.10.1.1"
| #define PACKAGE_STRING "dansguardian 2.10.1.1"
| #define PACKAGE_BUGREPORT ""
| #define PACKAGE_URL ""
| #define PACKAGE "dansguardian"
| #define VERSION "2.10.1.1"
| #define STDC_HEADERS 1
| #define HAVE_SYS_TYPES_H 1
| #define HAVE_SYS_STAT_H 1
| #define HAVE_STDLIB_H 1
| #define HAVE_STRING_H 1
| #define HAVE_MEMORY_H 1
| #define HAVE_STRINGS_H 1
| #define HAVE_INTTYPES_H 1
| #define HAVE_STDINT_H 1
| #define HAVE_UNISTD_H 1
| #define HAVE_ARPA_INET_H 1
| #define HAVE_FCNTL_H 1
| #define HAVE_LIMITS_H 1
| #define HAVE_NETDB_H 1
| #define HAVE_NETINET_IN_H 1
| #define HAVE_STDLIB_H 1
| #define HAVE_STRING_H 1
| #define HAVE_SYS_SOCKET_H 1
| #define HAVE_SYS_TIME_H 1
| #define HAVE_SYSLOG_H 1
| #define HAVE_UNISTD_H 1
| #define HAVE_LOCALE_H 1
| #define HAVE_SYS_TYPES_H 1
| #define HAVE_SYS_UN_H 1
| #define HAVE_SYS_POLL_H 1
| #define HAVE_SYS_RESOURCE_H 1
| #define HAVE_PWD_H 1
| #define HAVE_GRP_H 1
| #define HAVE_BYTESWAP_H 1
| #define HAVE_ZLIB_H 1
| /* end confdefs.h.  */
| #include <stdio.h>
| #ifdef HAVE_SYS_TYPES_H
| # include <sys/types.h>
| #endif
| #ifdef HAVE_SYS_STAT_H
| # include <sys/stat.h>
| #endif
| #ifdef STDC_HEADERS
| # include <stdlib.h>
| # include <stddef.h>
| #else
| # ifdef HAVE_STDLIB_H
| #  include <stdlib.h>
| # endif
| #endif
| #ifdef HAVE_STRING_H
| # if !defined STDC_HEADERS && defined HAVE_MEMORY_H
| #  include <memory.h>
| # endif
| # include <string.h>
| #endif
| #ifdef HAVE_STRINGS_H
| # include <strings.h>
| #endif
| #ifdef HAVE_INTTYPES_H
| # include <inttypes.h>
| #endif
| #ifdef HAVE_STDINT_H
| # include <stdint.h>
| #endif
| #ifdef HAVE_UNISTD_H
| # include <unistd.h>
| #endif
| int
| main ()
| {
| if (sizeof ((off_t)))
| 	    return 0;
|   ;
|   return 0;
| }
configure:5402: result: yes
configure:5413: checking for uid_t in sys/types.h
configure:5432: result: yes
configure:5447: checking vfork.h usability
configure:5447: g++ -c -g -O2  conftest.cpp >&5
conftest.cpp:74:19: fatal error: vfork.h: No such file or directory
compilation terminated.
configure:5447: $? = 1
configure: failed program was:
| /* confdefs.h */
| #define PACKAGE_NAME "dansguardian"
| #define PACKAGE_TARNAME "dansguardian"
| #define PACKAGE_VERSION "2.10.1.1"
| #define PACKAGE_STRING "dansguardian 2.10.1.1"
| #define PACKAGE_BUGREPORT ""
| #define PACKAGE_URL ""
| #define PACKAGE "dansguardian"
| #define VERSION "2.10.1.1"
| #define STDC_HEADERS 1
| #define HAVE_SYS_TYPES_H 1
| #define HAVE_SYS_STAT_H 1
| #define HAVE_STDLIB_H 1
| #define HAVE_STRING_H 1
| #define HAVE_MEMORY_H 1
| #define HAVE_STRINGS_H 1
| #define HAVE_INTTYPES_H 1
| #define HAVE_STDINT_H 1
| #define HAVE_UNISTD_H 1
| #define HAVE_ARPA_INET_H 1
| #define HAVE_FCNTL_H 1
| #define HAVE_LIMITS_H 1
| #define HAVE_NETDB_H 1
| #define HAVE_NETINET_IN_H 1
| #define HAVE_STDLIB_H 1
| #define HAVE_STRING_H 1
| #define HAVE_SYS_SOCKET_H 1
| #define HAVE_SYS_TIME_H 1
| #define HAVE_SYSLOG_H 1
| #define HAVE_UNISTD_H 1
| #define HAVE_LOCALE_H 1
| #define HAVE_SYS_TYPES_H 1
| #define HAVE_SYS_UN_H 1
| #define HAVE_SYS_POLL_H 1
| #define HAVE_SYS_RESOURCE_H 1
| #define HAVE_PWD_H 1
| #define HAVE_GRP_H 1
| #define HAVE_BYTESWAP_H 1
| #define HAVE_ZLIB_H 1
| /* end confdefs.h.  */
| #include <stdio.h>
| #ifdef HAVE_SYS_TYPES_H
| # include <sys/types.h>
| #endif
| #ifdef HAVE_SYS_STAT_H
| # include <sys/stat.h>
| #endif
| #ifdef STDC_HEADERS
| # include <stdlib.h>
| # include <stddef.h>
| #else
| # ifdef HAVE_STDLIB_H
| #  include <stdlib.h>
| # endif
| #endif
| #ifdef HAVE_STRING_H
| # if !defined STDC_HEADERS && defined HAVE_MEMORY_H
| #  include <memory.h>
| # endif
| # include <string.h>
| #endif
| #ifdef HAVE_STRINGS_H
| # include <strings.h>
| #endif
| #ifdef HAVE_INTTYPES_H
| # include <inttypes.h>
| #endif
| #ifdef HAVE_STDINT_H
| # include <stdint.h>
| #endif
| #ifdef HAVE_UNISTD_H
| # include <unistd.h>
| #endif
| #include <vfork.h>
configure:5447: result: no
configure:5447: checking vfork.h presence
configure:5447: g++ -E  conftest.cpp
conftest.cpp:41:19: fatal error: vfork.h: No such file or directory
compilation terminated.
configure:5447: $? = 1
configure: failed program was:
| /* confdefs.h */
| #define PACKAGE_NAME "dansguardian"
| #define PACKAGE_TARNAME "dansguardian"
| #define PACKAGE_VERSION "2.10.1.1"
| #define PACKAGE_STRING "dansguardian 2.10.1.1"
| #define PACKAGE_BUGREPORT ""
| #define PACKAGE_URL ""
| #define PACKAGE "dansguardian"
| #define VERSION "2.10.1.1"
| #define STDC_HEADERS 1
| #define HAVE_SYS_TYPES_H 1
| #define HAVE_SYS_STAT_H 1
| #define HAVE_STDLIB_H 1
| #define HAVE_STRING_H 1
| #define HAVE_MEMORY_H 1
| #define HAVE_STRINGS_H 1
| #define HAVE_INTTYPES_H 1
| #define HAVE_STDINT_H 1
| #define HAVE_UNISTD_H 1
| #define HAVE_ARPA_INET_H 1
| #define HAVE_FCNTL_H 1
| #define HAVE_LIMITS_H 1
| #define HAVE_NETDB_H 1
| #define HAVE_NETINET_IN_H 1
| #define HAVE_STDLIB_H 1
| #define HAVE_STRING_H 1
| #define HAVE_SYS_SOCKET_H 1
| #define HAVE_SYS_TIME_H 1
| #define HAVE_SYSLOG_H 1
| #define HAVE_UNISTD_H 1
| #define HAVE_LOCALE_H 1
| #define HAVE_SYS_TYPES_H 1
| #define HAVE_SYS_UN_H 1
| #define HAVE_SYS_POLL_H 1
| #define HAVE_SYS_RESOURCE_H 1
| #define HAVE_PWD_H 1
| #define HAVE_GRP_H 1
| #define HAVE_BYTESWAP_H 1
| #define HAVE_ZLIB_H 1
| /* end confdefs.h.  */
| #include <vfork.h>
configure:5447: result: no
configure:5447: checking for vfork.h
configure:5447: result: no
configure:5460: checking for fork
configure:5460: g++ -o conftest -g -O2   conftest.cpp -lz  >&5
configure:5460: $? = 0
configure:5460: result: yes
configure:5460: checking for vfork
configure:5460: g++ -o conftest -g -O2   conftest.cpp -lz  >&5
configure:5460: $? = 0
configure:5460: result: yes
configure:5470: checking for working fork
configure:5492: g++ -o conftest -g -O2   conftest.cpp -lz  >&5
configure:5492: $? = 0
configure:5492: ./conftest
configure:5492: $? = 0
configure:5502: result: yes
configure:5523: checking for working vfork
configure:5633: result: yes
configure:5661: checking for dup2
configure:5661: g++ -o conftest -g -O2   conftest.cpp -lz  >&5
configure:5661: $? = 0
configure:5661: result: yes
configure:5661: checking for gettimeofday
configure:5661: g++ -o conftest -g -O2   conftest.cpp -lz  >&5
configure:5661: $? = 0
configure:5661: result: yes
configure:5661: checking for memset
configure:5661: g++ -o conftest -g -O2   conftest.cpp -lz  >&5
configure:5661: $? = 0
configure:5661: result: yes
configure:5661: checking for select
configure:5661: g++ -o conftest -g -O2   conftest.cpp -lz  >&5
configure:5661: $? = 0
configure:5661: result: yes
configure:5673: checking for strerror
configure:5673: g++ -o conftest -g -O2   conftest.cpp -lz  >&5
configure:5673: $? = 0
configure:5673: result: yes
configure:5673: checking for strstr
configure:5673: g++ -o conftest -g -O2   conftest.cpp -lz  >&5
configure:5673: $? = 0
configure:5673: result: yes
configure:5673: checking for strtol
configure:5673: g++ -o conftest -g -O2   conftest.cpp -lz  >&5
configure:5673: $? = 0
configure:5673: result: yes
configure:5685: checking for setuid
configure:5685: g++ -o conftest -g -O2   conftest.cpp -lz  >&5
configure:5685: $? = 0
configure:5685: result: yes
configure:5685: checking for setgid
configure:5685: g++ -o conftest -g -O2   conftest.cpp -lz  >&5
configure:5685: $? = 0
configure:5685: result: yes
configure:5685: checking for umask
configure:5685: g++ -o conftest -g -O2   conftest.cpp -lz  >&5
configure:5685: $? = 0
configure:5685: result: yes
configure:5685: checking for seteuid
configure:5685: g++ -o conftest -g -O2   conftest.cpp -lz  >&5
configure:5685: $? = 0
configure:5685: result: yes
configure:5685: checking for setreuid
configure:5685: g++ -o conftest -g -O2   conftest.cpp -lz  >&5
configure:5685: $? = 0
configure:5685: result: yes
configure:5685: checking for setlocale
configure:5685: g++ -o conftest -g -O2   conftest.cpp -lz  >&5
configure:5685: $? = 0
configure:5685: result: yes
configure:5694: checking for library containing floor
configure:5725: g++ -o conftest -g -O2   conftest.cpp -lz  >&5
configure:5725: $? = 0
configure:5742: result: none required
configure:5750: checking for library containing gethostbyname
configure:5781: g++ -o conftest -g -O2   conftest.cpp -lz  >&5
configure:5781: $? = 0
configure:5798: result: none required
configure:5806: checking for library containing socket
configure:5837: g++ -o conftest -g -O2   conftest.cpp -lz  >&5
configure:5837: $? = 0
configure:5854: result: none required
configure:5906: checking for library containing inet_aton
configure:5937: g++ -o conftest -g -O2   conftest.cpp -lz  >&5
configure:5937: $? = 0
configure:5954: result: none required
configure:6049: checking for backside with both hands
configure:6051: result: no
configure:6053: checking build os
configure:6059: checking build system type
configure:6073: result: x86_64-unknown-linux-gnu
configure:6093: result: linux-gnu
configure:6096: checking for debug option
configure:6115: result: no
configure:6122: checking for proxy user
configure:6139: result: no
configure:6148: checking for proxy group
configure:6165: result: no
configure:6174: checking for piddir
configure:6191: result: no
configure:6207: checking for logdir
configure:6224: result: no
configure:6288: checking for pkg-config
configure:6306: found /usr/bin/pkg-config
configure:6318: result: /usr/bin/pkg-config
configure:6343: checking pkg-config is at least version 0.9.0
configure:6346: result: yes
configure:6357: checking for PCRE support
configure:6363: result: no
configure:6474: checking for regcomp
configure:6474: g++ -o conftest -g -O2   conftest.cpp -lz  >&5
configure:6474: $? = 0
configure:6474: result: yes
configure:6494: checking for backtrace on segfault support
configure:6580: result: no
configure:6587: checking for large file support
configure:6613: result: yes
configure:6621: checking for original destination IP checking support
configure:6642: result: no
configure:6655: checking for type collision with off_t
configure:6677: g++ -c -g -O2   conftest.cpp >&5
conftest.cpp: In function 'int main()':
conftest.cpp:70:7: error: 'void main()::Foo::f(off_t)' cannot be overloaded
  void f(const off_t);
       ^
conftest.cpp:67:7: error: with 'void main()::Foo::f(long int)'
  void f(const long);
       ^
configure:6677: $? = 1
configure: failed program was:
| /* confdefs.h */
| #define PACKAGE_NAME "dansguardian"
| #define PACKAGE_TARNAME "dansguardian"
| #define PACKAGE_VERSION "2.10.1.1"
| #define PACKAGE_STRING "dansguardian 2.10.1.1"
| #define PACKAGE_BUGREPORT ""
| #define PACKAGE_URL ""
| #define PACKAGE "dansguardian"
| #define VERSION "2.10.1.1"
| #define STDC_HEADERS 1
| #define HAVE_SYS_TYPES_H 1
| #define HAVE_SYS_STAT_H 1
| #define HAVE_STDLIB_H 1
| #define HAVE_STRING_H 1
| #define HAVE_MEMORY_H 1
| #define HAVE_STRINGS_H 1
| #define HAVE_INTTYPES_H 1
| #define HAVE_STDINT_H 1
| #define HAVE_UNISTD_H 1
| #define HAVE_ARPA_INET_H 1
| #define HAVE_FCNTL_H 1
| #define HAVE_LIMITS_H 1
| #define HAVE_NETDB_H 1
| #define HAVE_NETINET_IN_H 1
| #define HAVE_STDLIB_H 1
| #define HAVE_STRING_H 1
| #define HAVE_SYS_SOCKET_H 1
| #define HAVE_SYS_TIME_H 1
| #define HAVE_SYSLOG_H 1
| #define HAVE_UNISTD_H 1
| #define HAVE_LOCALE_H 1
| #define HAVE_SYS_TYPES_H 1
| #define HAVE_SYS_UN_H 1
| #define HAVE_SYS_POLL_H 1
| #define HAVE_SYS_RESOURCE_H 1
| #define HAVE_PWD_H 1
| #define HAVE_GRP_H 1
| #define HAVE_BYTESWAP_H 1
| #define HAVE_ZLIB_H 1
| #define HAVE_FORK 1
| #define HAVE_VFORK 1
| #define HAVE_WORKING_VFORK 1
| #define HAVE_WORKING_FORK 1
| #define HAVE_DUP2 1
| #define HAVE_GETTIMEOFDAY 1
| #define HAVE_MEMSET 1
| #define HAVE_SELECT 1
| #define HAVE_STRERROR 1
| #define HAVE_STRSTR 1
| #define HAVE_STRTOL 1
| #define HAVE_SETUID 1
| #define HAVE_SETGID 1
| #define HAVE_UMASK 1
| #define HAVE_SETEUID 1
| #define HAVE_SETREUID 1
| #define HAVE_SETLOCALE 1
| #define HAVE_REGCOMP 1
| /* end confdefs.h.  */
| 
|  #include <sys/types.h>
| int
| main ()
| {
| 
|  struct Foo{
|  	void f(const int);
| 	void f(const long);
| 	void f(const long unsigned);
| 	void f(const unsigned int);
| 	void f(const off_t);
|  };
|   ;
|   return 0;
| }
| 
configure:6684: result: yes
configure:6699: checking for libclamav support
configure:6705: result: no
configure:6913: checking for clamd support
configure:6935: result: no
configure:6954: checking for icap support
configure:6976: result: no
configure:6995: checking for kavd support
configure:7017: result: no
configure:7042: checking for command-line content scanner support
configure:7064: result: no
configure:7100: checking for fancy download manager support
configure:7124: result: yes
configure:7144: checking for trickle download manager support
configure:7167: result: no
configure:7194: checking for NTLM support
configure:7436: result: no
configure:7455: checking for email notification support
configure:7477: result: no
configure:7724: creating ./config.status

## ---------------------- ##
## Running config.status. ##
## ---------------------- ##

This file was extended by dansguardian config.status 2.10.1.1, which was
generated by GNU Autoconf 2.69.  Invocation command line was

  CONFIG_FILES    = 
  CONFIG_HEADERS  = 
  CONFIG_LINKS    = 
  CONFIG_COMMANDS = 
  $ ./config.status 

on cosmos

config.status:985: creating Makefile
config.status:985: creating data/Makefile
config.status:985: creating data/languages/Makefile
config.status:985: creating data/scripts/Makefile
config.status:985: creating data/scripts/bsd-init
config.status:985: creating data/scripts/dansguardian
config.status:985: creating data/scripts/logrotation
config.status:985: creating data/scripts/solaris-init
config.status:985: creating data/scripts/systemv-init
config.status:985: creating doc/Makefile
config.status:985: creating configs/dansguardian.conf
config.status:985: creating configs/dansguardianf1.conf
config.status:985: creating configs/Makefile
config.status:985: creating configs/lists/Makefile
config.status:985: creating configs/lists/phraselists/Makefile
config.status:985: creating configs/lists/blacklists/Makefile
config.status:985: creating configs/lists/contentscanners/Makefile
config.status:985: creating configs/lists/weightedphraselist
config.status:985: creating configs/lists/exceptionphraselist
config.status:985: creating configs/lists/bannedphraselist
config.status:985: creating configs/lists/bannedurllist
config.status:985: creating configs/lists/bannedsitelist
config.status:985: creating configs/downloadmanagers/Makefile
config.status:985: creating configs/downloadmanagers/default.conf
config.status:985: creating configs/downloadmanagers/fancy.conf
config.status:985: creating configs/downloadmanagers/trickle.conf
config.status:985: creating configs/contentscanners/Makefile
config.status:985: creating configs/contentscanners/clamav.conf
config.status:985: creating configs/contentscanners/clamdscan.conf
config.status:985: creating configs/contentscanners/icapscan.conf
config.status:985: creating configs/contentscanners/kavav.conf
config.status:985: creating configs/contentscanners/kavdscan.conf
config.status:985: creating configs/contentscanners/commandlinescan.conf
config.status:985: creating configs/authplugins/Makefile
config.status:985: creating configs/authplugins/ip.conf
config.status:985: creating configs/lists/authplugins/Makefile
config.status:985: creating configs/lists/downloadmanagers/Makefile
config.status:985: creating src/Makefile
config.status:985: creating dgconfig.h
config.status:1214: executing depfiles commands

## ---------------- ##
## Cache variables. ##
## ---------------- ##

ac_cv_build=x86_64-unknown-linux-gnu
ac_cv_c_bigendian=no
ac_cv_c_compiler_gnu=yes
ac_cv_cxx_compiler_gnu=yes
ac_cv_env_CCC_set=
ac_cv_env_CCC_value=
ac_cv_env_CC_set=
ac_cv_env_CC_value=
ac_cv_env_CFLAGS_set=
ac_cv_env_CFLAGS_value=
ac_cv_env_CLAMAV_CFLAGS_set=
ac_cv_env_CLAMAV_CFLAGS_value=
ac_cv_env_CLAMAV_LIBS_set=
ac_cv_env_CLAMAV_LIBS_value=
ac_cv_env_CPPFLAGS_set=
ac_cv_env_CPPFLAGS_value=
ac_cv_env_CPP_set=
ac_cv_env_CPP_value=
ac_cv_env_CXXCPP_set=
ac_cv_env_CXXCPP_value=
ac_cv_env_CXXFLAGS_set=
ac_cv_env_CXXFLAGS_value=
ac_cv_env_CXX_set=
ac_cv_env_CXX_value=
ac_cv_env_LDFLAGS_set=
ac_cv_env_LDFLAGS_value=
ac_cv_env_LIBS_set=
ac_cv_env_LIBS_value=
ac_cv_env_PCRE_CFLAGS_set=
ac_cv_env_PCRE_CFLAGS_value=
ac_cv_env_PCRE_LIBS_set=
ac_cv_env_PCRE_LIBS_value=
ac_cv_env_PKG_CONFIG_set=
ac_cv_env_PKG_CONFIG_value=
ac_cv_env_build_alias_set=
ac_cv_env_build_alias_value=
ac_cv_env_host_alias_set=
ac_cv_env_host_alias_value=
ac_cv_env_target_alias_set=
ac_cv_env_target_alias_value=
ac_cv_func_dup2=yes
ac_cv_func_fork=yes
ac_cv_func_fork_works=yes
ac_cv_func_gettimeofday=yes
ac_cv_func_memset=yes
ac_cv_func_regcomp=yes
ac_cv_func_select=yes
ac_cv_func_seteuid=yes
ac_cv_func_setgid=yes
ac_cv_func_setlocale=yes
ac_cv_func_setreuid=yes
ac_cv_func_setuid=yes
ac_cv_func_strerror=yes
ac_cv_func_strstr=yes
ac_cv_func_strtol=yes
ac_cv_func_umask=yes
ac_cv_func_vfork=yes
ac_cv_func_vfork_works=yes
ac_cv_header_arpa_inet_h=yes
ac_cv_header_byteswap_h=yes
ac_cv_header_fcntl_h=yes
ac_cv_header_grp_h=yes
ac_cv_header_inttypes_h=yes
ac_cv_header_limits_h=yes
ac_cv_header_locale_h=yes
ac_cv_header_memory_h=yes
ac_cv_header_netdb_h=yes
ac_cv_header_netinet_in_h=yes
ac_cv_header_pwd_h=yes
ac_cv_header_stdc=yes
ac_cv_header_stdint_h=yes
ac_cv_header_stdlib_h=yes
ac_cv_header_string_h=yes
ac_cv_header_strings_h=yes
ac_cv_header_sys_poll_h=yes
ac_cv_header_sys_resource_h=yes
ac_cv_header_sys_socket_h=yes
ac_cv_header_sys_stat_h=yes
ac_cv_header_sys_time_h=yes
ac_cv_header_sys_types_h=yes
ac_cv_header_sys_un_h=yes
ac_cv_header_syslog_h=yes
ac_cv_header_unistd_h=yes
ac_cv_header_vfork_h=no
ac_cv_header_zlib_h=yes
ac_cv_lib_z_gzdopen=yes
ac_cv_objext=o
ac_cv_path_EGREP='/usr/bin/grep -E'
ac_cv_path_GREP=/usr/bin/grep
ac_cv_path_ac_pt_PKG_CONFIG=/usr/bin/pkg-config
ac_cv_path_install='/usr/bin/install -c'
ac_cv_path_mkdir=/usr/bin/mkdir
ac_cv_prog_AWK=gawk
ac_cv_prog_CPP='gcc -E'
ac_cv_prog_CXXCPP='g++ -E'
ac_cv_prog_ac_ct_CC=gcc
ac_cv_prog_ac_ct_CXX=g++
ac_cv_prog_cc_c89=
ac_cv_prog_cc_g=yes
ac_cv_prog_cxx_g=yes
ac_cv_prog_make_make_set=yes
ac_cv_search_floor='none required'
ac_cv_search_gethostbyname='none required'
ac_cv_search_inet_aton='none required'
ac_cv_search_socket='none required'
ac_cv_type_off_t=yes
ac_cv_type_pid_t=yes
ac_cv_type_size_t=yes
ac_cv_type_uid_t=yes
am_cv_CC_dependencies_compiler_type=gcc3
am_cv_CXX_dependencies_compiler_type=gcc3

## ----------------- ##
## Output variables. ##
## ----------------- ##

ACLOCAL='${SHELL} /mnt/CM/CM12.1-OSS/external/dansguardian/missing --run aclocal-1.10'
AMDEPBACKSLASH='\'
AMDEP_FALSE='#'
AMDEP_TRUE=''
AMTAR='${SHELL} /mnt/CM/CM12.1-OSS/external/dansguardian/missing --run tar'
AUTOCONF='${SHELL} /mnt/CM/CM12.1-OSS/external/dansguardian/missing --run autoconf'
AUTOHEADER='${SHELL} /mnt/CM/CM12.1-OSS/external/dansguardian/missing --run autoheader'
AUTOMAKE='${SHELL} /mnt/CM/CM12.1-OSS/external/dansguardian/missing --run automake-1.10'
AWK='gawk'
CC='gcc'
CCDEPMODE='depmode=gcc3'
CFLAGS='-g -O2'
CLAMAVSHM='!! Not supported on this platform !!'
CLAMAVSUPPORT='!! Not compiled !! '
CLAMAV_CFLAGS=''
CLAMAV_LIBS=''
CLAMDSUPPORT='!! Not compiled !! '
COMMANDLINESUPPORT='!! Not compiled !! '
CPP='gcc -E'
CPPFLAGS=''
CXX='g++'
CXXCPP='g++ -E'
CXXDEPMODE='depmode=gcc3'
CXXFLAGS='-g -O2 '
CYGPATH_W='echo'
DEFS='-DHAVE_CONFIG_H'
DEPDIR='.deps'
DGBINDIR='/sbin'
DGCONFDIR='/etc/dansguardian'
DGCONFFILE='/etc/dansguardian/dansguardian.conf'
DGDATADIR='/share/dansguardian'
DGLIBDIR='/lib/dansguardian'
DGLOGLOCATION='/var/log/dansguardian'
DGPIDDIR='/var/run'
DGPROXYGROUP='nobody'
DGPROXYUSER='nobody'
ECHO_C=''
ECHO_N='-n'
ECHO_T=''
EGREP='/usr/bin/grep -E'
EMAILSUPPORT='#!! Not compiled !!'
ENABLE_CLAMD_FALSE=''
ENABLE_CLAMD_TRUE='#'
ENABLE_COMMANDLINE_FALSE=''
ENABLE_COMMANDLINE_TRUE='#'
ENABLE_FANCYDM_FALSE='#'
ENABLE_FANCYDM_TRUE=''
ENABLE_ICAP_FALSE=''
ENABLE_ICAP_TRUE='#'
ENABLE_KAVD_FALSE=''
ENABLE_KAVD_TRUE='#'
ENABLE_NTLM_FALSE=''
ENABLE_NTLM_TRUE='#'
ENABLE_TRICKLEDM_FALSE=''
ENABLE_TRICKLEDM_TRUE='#'
EXEEXT=''
FANCYSUPPORT=''
GREP='/usr/bin/grep'
HAVE_CLAMAV_FALSE=''
HAVE_CLAMAV_TRUE='#'
HAVE_PCRE_FALSE=''
HAVE_PCRE_TRUE='#'
ICAPSUPPORT='!! Not compiled !! '
INSTALL_DATA='${INSTALL} -m 644'
INSTALL_PROGRAM='${INSTALL}'
INSTALL_SCRIPT='${INSTALL}'
INSTALL_STRIP_PROGRAM='$(install_sh) -c -s'
KAVAVSUPPORT='!! Unimplemented !! '
KAVDSUPPORT='!! Not compiled !! '
LDFLAGS=' '
LIBOBJS=''
LIBS='-lz  '
LN_S='ln -s'
LTLIBOBJS=''
MAKEINFO='${SHELL} /mnt/CM/CM12.1-OSS/external/dansguardian/missing --run makeinfo'
MKDIR_P='/usr/bin/mkdir -p'
NEED_CSCONFIGS_FALSE=''
NEED_CSCONFIGS_TRUE='#'
NEED_CSLISTS_FALSE=''
NEED_CSLISTS_TRUE='#'
NEED_DMLISTS_FALSE='#'
NEED_DMLISTS_TRUE=''
NTLMSUPPORT='!! Not compiled !! '
OBJEXT='o'
ORIGIPSUPPORT='#!! Not compiled !! '
PACKAGE='dansguardian'
PACKAGE_BUGREPORT=''
PACKAGE_NAME='dansguardian'
PACKAGE_STRING='dansguardian 2.10.1.1'
PACKAGE_TARNAME='dansguardian'
PACKAGE_URL=''
PACKAGE_VERSION='2.10.1.1'
PATH_SEPARATOR=':'
PCRE_CFLAGS=''
PCRE_LIBS=''
PKG_CONFIG='/usr/bin/pkg-config'
SET_MAKE=''
SHELL='/bin/sh'
STRIP=''
TRICKLESUPPORT='#!! Not compiled !! '
VERSION='2.10.1.1'
ac_ct_CC='gcc'
ac_ct_CXX='g++'
am__fastdepCC_FALSE='#'
am__fastdepCC_TRUE=''
am__fastdepCXX_FALSE='#'
am__fastdepCXX_TRUE=''
am__include='include'
am__isrc=''
am__leading_dot='.'
am__quote=''
am__tar='${AMTAR} chof - "$$tardir"'
am__untar='${AMTAR} xf -'
bindir='${exec_prefix}/bin'
build='x86_64-unknown-linux-gnu'
build_alias=''
build_cpu='x86_64'
build_os='linux-gnu'
build_vendor='unknown'
datadir='${datarootdir}'
datarootdir='${prefix}/share'
docdir='${datarootdir}/doc/${PACKAGE_TARNAME}'
dvidir='${docdir}'
exec_prefix='${prefix}'
host_alias=''
htmldir='${docdir}'
includedir='${prefix}/include'
infodir='${datarootdir}/info'
install_sh='$(SHELL) /mnt/CM/CM12.1-OSS/external/dansguardian/install-sh'
libdir='${exec_prefix}/lib/dansguardian'
libexecdir='${exec_prefix}/libexec'
localedir='${datarootdir}/locale'
localstatedir='${prefix}/var'
mandir='${datarootdir}/man'
mkdir_p='/usr/bin/mkdir -p'
oldincludedir='/usr/include'
pdfdir='${docdir}'
prefix=''
program_transform_name='s,x,x,'
psdir='${docdir}'
sbindir='${exec_prefix}/sbin'
sharedstatedir='${prefix}/com'
sysconfdir='${prefix}/etc'
target_alias=''

## ----------- ##
## confdefs.h. ##
## ----------- ##

/* confdefs.h */
#define PACKAGE_NAME "dansguardian"
#define PACKAGE_TARNAME "dansguardian"
#define PACKAGE_VERSION "2.10.1.1"
#define PACKAGE_STRING "dansguardian 2.10.1.1"
#define PACKAGE_BUGREPORT ""
#define PACKAGE_URL ""
#define PACKAGE "dansguardian"
#define VERSION "2.10.1.1"
#define STDC_HEADERS 1
#define HAVE_SYS_TYPES_H 1
#define HAVE_SYS_STAT_H 1
#define HAVE_STDLIB_H 1
#define HAVE_STRING_H 1
#define HAVE_MEMORY_H 1
#define HAVE_STRINGS_H 1
#define HAVE_INTTYPES_H 1
#define HAVE_STDINT_H 1
#define HAVE_UNISTD_H 1
#define HAVE_ARPA_INET_H 1
#define HAVE_FCNTL_H 1
#define HAVE_LIMITS_H 1
#define HAVE_NETDB_H 1
#define HAVE_NETINET_IN_H 1
#define HAVE_STDLIB_H 1
#define HAVE_STRING_H 1
#define HAVE_SYS_SOCKET_H 1
#define HAVE_SYS_TIME_H 1
#define HAVE_SYSLOG_H 1
#define HAVE_UNISTD_H 1
#define HAVE_LOCALE_H 1
#define HAVE_SYS_TYPES_H 1
#define HAVE_SYS_UN_H 1
#define HAVE_SYS_POLL_H 1
#define HAVE_SYS_RESOURCE_H 1
#define HAVE_PWD_H 1
#define HAVE_GRP_H 1
#define HAVE_BYTESWAP_H 1
#define HAVE_ZLIB_H 1
#define HAVE_FORK 1
#define HAVE_VFORK 1
#define HAVE_WORKING_VFORK 1
#define HAVE_WORKING_FORK 1
#define HAVE_DUP2 1
#define HAVE_GETTIMEOFDAY 1
#define HAVE_MEMSET 1
#define HAVE_SELECT 1
#define HAVE_STRERROR 1
#define HAVE_STRSTR 1
#define HAVE_STRTOL 1
#define HAVE_SETUID 1
#define HAVE_SETGID 1
#define HAVE_UMASK 1
#define HAVE_SETEUID 1
#define HAVE_SETREUID 1
#define HAVE_SETLOCALE 1
#define HAVE_REGCOMP 1
#define OFFT_COLLISION /**/
#define ENABLE_FANCYDM /**/
#define DG_CONFIGURE_OPTIONS " '--enable-pcre=no' '--enable-clamav=no' '--with-sysconfsubdir=dansguardian' '--prefix='"

configure: exit 0
